[16-Aug-2017 18:01:55 America/Los_Angeles] PHP Warning:  mysqli::__construct(): (HY000/2002): No such file or directory in /students/ggorlen/public_html/php/todo/todolist.php on line 18
[16-Aug-2017 18:01:55 America/Los_Angeles] PHP Warning:  mysqli::query(): Couldn't fetch mysqli in /students/ggorlen/public_html/php/todo/todolist.php on line 97
[16-Aug-2017 18:01:55 America/Los_Angeles] PHP Notice:  Trying to get property of non-object in /students/ggorlen/public_html/php/todo/show_tasks.php on line 7
[28-Aug-2017 12:21:10 America/Los_Angeles] PHP Warning:  mysqli::__construct(): (HY000/2002): No such file or directory in /students/ggorlen/public_html/php/todo/todolist.php on line 18
[28-Aug-2017 12:21:10 America/Los_Angeles] PHP Warning:  mysqli::query(): Couldn't fetch mysqli in /students/ggorlen/public_html/php/todo/todolist.php on line 97
[28-Aug-2017 12:21:10 America/Los_Angeles] PHP Notice:  Trying to get property of non-object in /students/ggorlen/public_html/php/todo/show_tasks.php on line 7
[01-Feb-2018 15:41:05 America/Los_Angeles] PHP Warning:  mysqli::__construct(): (HY000/2002): No such file or directory in /students/ggorlen/public_html/php/todo/todolist.php on line 18
[01-Feb-2018 15:41:05 America/Los_Angeles] PHP Warning:  mysqli::query(): Couldn't fetch mysqli in /students/ggorlen/public_html/php/todo/todolist.php on line 97
[01-Feb-2018 15:41:05 America/Los_Angeles] PHP Notice:  Trying to get property of non-object in /students/ggorlen/public_html/php/todo/show_tasks.php on line 7
[01-Feb-2018 15:41:58 America/Los_Angeles] PHP Warning:  mysqli::__construct(): (HY000/2002): No such file or directory in /students/ggorlen/public_html/php/todo/todolist.php on line 19
[01-Feb-2018 15:41:58 America/Los_Angeles] PHP Warning:  mysqli::query(): Couldn't fetch mysqli in /students/ggorlen/public_html/php/todo/todolist.php on line 98
[01-Feb-2018 15:41:58 America/Los_Angeles] PHP Notice:  Trying to get property of non-object in /students/ggorlen/public_html/php/todo/show_tasks.php on line 7
[01-Feb-2018 15:42:13 America/Los_Angeles] PHP Warning:  mysqli::__construct(): (HY000/2002): No such file or directory in /students/ggorlen/public_html/php/todo/todolist.php on line 19
[01-Feb-2018 15:42:13 America/Los_Angeles] PHP Warning:  mysqli::query(): Couldn't fetch mysqli in /students/ggorlen/public_html/php/todo/todolist.php on line 98
[01-Feb-2018 15:42:13 America/Los_Angeles] PHP Notice:  Trying to get property of non-object in /students/ggorlen/public_html/php/todo/show_tasks.php on line 7
[01-Feb-2018 15:42:33 America/Los_Angeles] PHP Notice:  Use of undefined constant mysqli - assumed 'mysqli' in /students/ggorlen/public_html/php/todo/todolist.php on line 18
[01-Feb-2018 15:42:33 America/Los_Angeles] PHP Warning:  mysqli::__construct(): (HY000/2002): No such file or directory in /students/ggorlen/public_html/php/todo/todolist.php on line 20
[01-Feb-2018 15:42:33 America/Los_Angeles] PHP Warning:  mysqli::query(): Couldn't fetch mysqli in /students/ggorlen/public_html/php/todo/todolist.php on line 99
[01-Feb-2018 15:42:33 America/Los_Angeles] PHP Notice:  Trying to get property of non-object in /students/ggorlen/public_html/php/todo/show_tasks.php on line 7
[01-Feb-2018 15:50:53 America/Los_Angeles] PHP Notice:  Use of undefined constant mysqli - assumed 'mysqli' in /students/ggorlen/public_html/php/todo/todolist.php on line 18
[01-Feb-2018 15:50:53 America/Los_Angeles] PHP Warning:  mysqli::__construct(): (HY000/2002): No such file or directory in /students/ggorlen/public_html/php/todo/todolist.php on line 20
[01-Feb-2018 15:50:53 America/Los_Angeles] PHP Warning:  mysqli::query(): Couldn't fetch mysqli in /students/ggorlen/public_html/php/todo/todolist.php on line 100
[01-Feb-2018 15:50:53 America/Los_Angeles] PHP Notice:  Trying to get property of non-object in /students/ggorlen/public_html/php/todo/show_tasks.php on line 7
[01-Feb-2018 15:51:16 America/Los_Angeles] PHP Warning:  mysqli::__construct(): (HY000/2002): No such file or directory in /students/ggorlen/public_html/php/todo/todolist.php on line 19
[01-Feb-2018 15:51:16 America/Los_Angeles] PHP Warning:  mysqli::query(): Couldn't fetch mysqli in /students/ggorlen/public_html/php/todo/todolist.php on line 99
[01-Feb-2018 15:51:16 America/Los_Angeles] PHP Notice:  Trying to get property of non-object in /students/ggorlen/public_html/php/todo/show_tasks.php on line 7
[01-Feb-2018 15:51:33 America/Los_Angeles] PHP Warning:  mysqli::__construct(): (HY000/2002): No such file or directory in /students/ggorlen/public_html/php/todo/todolist.php on line 18
[01-Feb-2018 15:51:33 America/Los_Angeles] PHP Warning:  mysqli::query(): Couldn't fetch mysqli in /students/ggorlen/public_html/php/todo/todolist.php on line 98
[01-Feb-2018 15:51:33 America/Los_Angeles] PHP Notice:  Trying to get property of non-object in /students/ggorlen/public_html/php/todo/show_tasks.php on line 7
[01-Feb-2018 15:52:08 America/Los_Angeles] PHP Warning:  mysqli::__construct(): (HY000/2002): No such file or directory in /students/ggorlen/public_html/php/todo/todolist.php on line 18
[01-Feb-2018 15:52:08 America/Los_Angeles] PHP Warning:  print_r(): Property access is not allowed yet in /students/ggorlen/public_html/php/todo/todolist.php on line 21
[01-Feb-2018 15:52:08 America/Los_Angeles] PHP Warning:  print_r(): Property access is not allowed yet in /students/ggorlen/public_html/php/todo/todolist.php on line 21
[01-Feb-2018 15:52:08 America/Los_Angeles] PHP Warning:  print_r(): Couldn't fetch mysqli in /students/ggorlen/public_html/php/todo/todolist.php on line 21
[01-Feb-2018 15:52:08 America/Los_Angeles] PHP Warning:  print_r(): Couldn't fetch mysqli in /students/ggorlen/public_html/php/todo/todolist.php on line 21
[01-Feb-2018 15:52:08 America/Los_Angeles] PHP Warning:  print_r(): Property access is not allowed yet in /students/ggorlen/public_html/php/todo/todolist.php on line 21
[01-Feb-2018 15:52:08 America/Los_Angeles] PHP Warning:  print_r(): Couldn't fetch mysqli in /students/ggorlen/public_html/php/todo/todolist.php on line 21
[01-Feb-2018 15:52:08 America/Los_Angeles] PHP Warning:  print_r(): Couldn't fetch mysqli in /students/ggorlen/public_html/php/todo/todolist.php on line 21
[01-Feb-2018 15:52:08 America/Los_Angeles] PHP Warning:  print_r(): Couldn't fetch mysqli in /students/ggorlen/public_html/php/todo/todolist.php on line 21
[01-Feb-2018 15:52:08 America/Los_Angeles] PHP Warning:  print_r(): Couldn't fetch mysqli in /students/ggorlen/public_html/php/todo/todolist.php on line 21
[01-Feb-2018 15:52:08 America/Los_Angeles] PHP Warning:  print_r(): Couldn't fetch mysqli in /students/ggorlen/public_html/php/todo/todolist.php on line 21
[01-Feb-2018 15:52:08 America/Los_Angeles] PHP Warning:  print_r(): Couldn't fetch mysqli in /students/ggorlen/public_html/php/todo/todolist.php on line 21
[01-Feb-2018 15:52:08 America/Los_Angeles] PHP Warning:  print_r(): Property access is not allowed yet in /students/ggorlen/public_html/php/todo/todolist.php on line 21
[01-Feb-2018 15:52:08 America/Los_Angeles] PHP Warning:  print_r(): Couldn't fetch mysqli in /students/ggorlen/public_html/php/todo/todolist.php on line 21
[01-Feb-2018 15:52:08 America/Los_Angeles] PHP Warning:  print_r(): Couldn't fetch mysqli in /students/ggorlen/public_html/php/todo/todolist.php on line 21
[01-Feb-2018 15:52:08 America/Los_Angeles] PHP Warning:  print_r(): Couldn't fetch mysqli in /students/ggorlen/public_html/php/todo/todolist.php on line 21
[01-Feb-2018 15:52:08 America/Los_Angeles] PHP Warning:  print_r(): Couldn't fetch mysqli in /students/ggorlen/public_html/php/todo/todolist.php on line 21
[01-Feb-2018 15:52:08 America/Los_Angeles] PHP Warning:  mysqli::query(): Couldn't fetch mysqli in /students/ggorlen/public_html/php/todo/todolist.php on line 99
[01-Feb-2018 15:52:08 America/Los_Angeles] PHP Notice:  Trying to get property of non-object in /students/ggorlen/public_html/php/todo/show_tasks.php on line 7
[01-Feb-2018 15:52:28 America/Los_Angeles] PHP Warning:  mysqli::__construct(): (HY000/2002): No such file or directory in /students/ggorlen/public_html/php/todo/todolist.php on line 18
[01-Feb-2018 15:52:28 America/Los_Angeles] PHP Warning:  mysqli::query(): Couldn't fetch mysqli in /students/ggorlen/public_html/php/todo/todolist.php on line 98
[01-Feb-2018 15:52:28 America/Los_Angeles] PHP Notice:  Trying to get property of non-object in /students/ggorlen/public_html/php/todo/show_tasks.php on line 7
[01-Feb-2018 15:52:35 America/Los_Angeles] PHP Warning:  mysqli::__construct(): (HY000/2002): No such file or directory in /students/ggorlen/public_html/php/todo/todolist.php on line 18
[01-Feb-2018 15:52:35 America/Los_Angeles] PHP Warning:  mysqli::query(): Couldn't fetch mysqli in /students/ggorlen/public_html/php/todo/todolist.php on line 98
[01-Feb-2018 15:52:35 America/Los_Angeles] PHP Notice:  Trying to get property of non-object in /students/ggorlen/public_html/php/todo/show_tasks.php on line 7
[01-Feb-2018 15:52:43 America/Los_Angeles] PHP Warning:  mysqli::__construct(): (HY000/2002): No such file or directory in /students/ggorlen/public_html/php/todo/todolist.php on line 18
[01-Feb-2018 15:52:43 America/Los_Angeles] PHP Warning:  mysqli::query(): Couldn't fetch mysqli in /students/ggorlen/public_html/php/todo/todolist.php on line 98
[01-Feb-2018 15:52:43 America/Los_Angeles] PHP Notice:  Trying to get property of non-object in /students/ggorlen/public_html/php/todo/show_tasks.php on line 7
[01-Feb-2018 15:54:20 America/Los_Angeles] PHP Notice:  Undefined variable: datetime in /students/ggorlen/public_html/php/todo/add_task.php on line 25
[01-Feb-2018 18:24:23 America/Los_Angeles] PHP Notice:  Undefined variable: datetime in /students/ggorlen/public_html/php/todo/add_task.php on line 25
[01-Feb-2018 18:40:03 America/Los_Angeles] PHP Warning:  preg_match(): Unknown modifier ']' in /students/ggorlen/public_html/php/todo/add_task.php on line 11
[01-Feb-2018 18:40:26 America/Los_Angeles] PHP Warning:  preg_match(): Unknown modifier ']' in /students/ggorlen/public_html/php/todo/add_task.php on line 11
[01-Feb-2018 18:41:41 America/Los_Angeles] PHP Warning:  preg_match(): Unknown modifier ']' in /students/ggorlen/public_html/php/todo/add_task.php on line 11
[01-Feb-2018 18:42:15 America/Los_Angeles] PHP Notice:  Undefined variable: datetime in /students/ggorlen/public_html/php/todo/add_task.php on line 26
[01-Feb-2018 18:42:28 America/Los_Angeles] PHP Warning:  preg_match(): Unknown modifier ']' in /students/ggorlen/public_html/php/todo/add_task.php on line 11
[01-Feb-2018 18:42:46 America/Los_Angeles] PHP Warning:  preg_match(): Unknown modifier ']' in /students/ggorlen/public_html/php/todo/add_task.php on line 11
[01-Feb-2018 19:03:54 America/Los_Angeles] PHP Warning:  preg_match(): Compilation failed: range out of order in character class at offset 11 in /students/ggorlen/public_html/php/todo/add_task.php on line 11
[01-Feb-2018 19:10:09 America/Los_Angeles] PHP Notice:  Undefined variable: datetime in /students/ggorlen/public_html/php/todo/add_task.php on line 25
